
> dev
> next dev

   ▲ Next.js 15.3.1
   - Local:        http://localhost:3000
   - Network:      http://192.168.2.8:3000

 ✓ Starting...
It looks like you're trying to use TypeScript but do not have the required package(s) installed.
Installing dependencies

If you are not trying to use TypeScript, please remove the tsconfig.json file from your package root (and any TypeScript files in your app and pages directories).


Installing devDependencies (npm):
- typescript
- @types/react
- @types/node


added 5 packages, and audited 35 packages in 5s

6 packages are looking for funding
  run `npm fund` for details

found 0 vulnerabilities


   We detected TypeScript in your project and created a tsconfig.json file for you.
 ✓ Ready in 15s
 ○ Compiling / ...
 ⨯ ./src/app/layout.tsx:4:1
Module not found: Can't resolve 'chart.js'
  2 |
  3 | import { useEffect } from 'react';
> 4 | import { Chart, registerables } from 'chart.js';
    | ^
  5 |
  6 | // Register all Chart.js components
  7 | Chart.register(...registerables);

https://nextjs.org/docs/messages/module-not-found
 ⨯ ./src/app/layout.tsx:4:1
Module not found: Can't resolve 'chart.js'
  2 |
  3 | import { useEffect } from 'react';
> 4 | import { Chart, registerables } from 'chart.js';
    | ^
  5 |
  6 | // Register all Chart.js components
  7 | Chart.register(...registerables);

https://nextjs.org/docs/messages/module-not-found
 ⨯ ./src/app/layout.tsx:4:1
Module not found: Can't resolve 'chart.js'
  2 |
  3 | import { useEffect } from 'react';
> 4 | import { Chart, registerables } from 'chart.js';
    | ^
  5 |
  6 | // Register all Chart.js components
  7 | Chart.register(...registerables);

https://nextjs.org/docs/messages/module-not-found
 GET / 500 in 21672ms
 GET / 500 in 351ms
 ⨯ ./src/app/page.tsx:5:1
Module not found: Can't resolve '../components/data-display'
  3 | import { useState, useEffect, useRef } from 'react';
  4 | import { StatusCard, TopicSubscription } from '../components/ui';
> 5 | import { DataChart, MessageLog } from '../components/data-display';
    | ^
  6 |
  7 | export default function IoTDashboard() {
  8 |   const [connected, setConnected] = useState(false);

https://nextjs.org/docs/messages/module-not-found
 ⨯ ./src/app/page.tsx:5:1
Module not found: Can't resolve '../components/data-display'
  3 | import { useState, useEffect, useRef } from 'react';
  4 | import { StatusCard, TopicSubscription } from '../components/ui';
> 5 | import { DataChart, MessageLog } from '../components/data-display';
    | ^
  6 |
  7 | export default function IoTDashboard() {
  8 |   const [connected, setConnected] = useState(false);

https://nextjs.org/docs/messages/module-not-found
 ⨯ ./src/app/page.tsx:5:1
Module not found: Can't resolve '../components/data-display'
  3 | import { useState, useEffect, useRef } from 'react';
  4 | import { StatusCard, TopicSubscription } from '../components/ui';
> 5 | import { DataChart, MessageLog } from '../components/data-display';
    | ^
  6 |
  7 | export default function IoTDashboard() {
  8 |   const [connected, setConnected] = useState(false);

https://nextjs.org/docs/messages/module-not-found
 GET / 500 in 8227ms
 ⨯ ./src/components/data-display.tsx:4:1
Module not found: Can't resolve 'react-chartjs-2'
  2 |
  3 | import React from 'react';
> 4 | import { Line } from 'react-chartjs-2';
    | ^
  5 | import { ChartOptions } from 'chart.js';
  6 |
  7 | interface DataChartProps {

https://nextjs.org/docs/messages/module-not-found

Import trace for requested module:
./src/app/page.tsx
 GET / 500 in 588ms
 ✓ Compiled /_not-found in 1709ms (1007 modules)
 ⚠ Fast Refresh had to perform a full reload due to a runtime error.
 GET /_next/static/webpack/e4b550fb144bb7a3.webpack.hot-update.json 404 in 534ms
 GET / 200 in 202ms
